# JRE version: OpenJDK Runtime Environment (Zulu 8.38.0.13-CA-win64) (8.0_212-b04) (build 1.8.0_212-b04)
# Java VM: OpenJDK 64-Bit Server VM (25.212-b04 mixed mode windows-amd64 compressed oops)
Heap:
 PSYoungGen      total 117760K, used 59533K [0x00000000eb300000, 0x00000000f3d00000, 0x0000000100000000)
  eden space 111616K, 53% used [0x00000000eb300000,0x00000000eed23738,0x00000000f2000000)
  from space 6144K, 0% used [0x00000000f3700000,0x00000000f3700000,0x00000000f3d00000)
  to   space 8192K, 0% used [0x00000000f2d00000,0x00000000f2d00000,0x00000000f3500000)
 ParOldGen       total 48128K, used 17666K [0x00000000c1800000, 0x00000000c4700000, 0x00000000eb300000)
  object space 48128K, 36% used [0x00000000c1800000,0x00000000c2940898,0x00000000c4700000)
 Metaspace       used 35615K, capacity 37346K, committed 37464K, reserved 1081344K
  class space    used 4602K, capacity 4947K, committed 4992K, reserved 1048576K
GC Heap History (10 events):
Event: 2.847 GC heap before
{Heap before GC invocations=8 (full 1):
 PSYoungGen      total 71680K, used 5386K [0x00000000eb300000, 0x00000000f3f00000, 0x0000000100000000)
  eden space 63488K, 0% used [0x00000000eb300000,0x00000000eb300000,0x00000000ef100000)
  from space 8192K, 65% used [0x00000000ef100000,0x00000000ef642818,0x00000000ef900000)
  to   space 8192K, 0% used [0x00000000f3700000,0x00000000f3700000,0x00000000f3f00000)
 ParOldGen       total 44032K, used 8224K [0x00000000c1800000, 0x00000000c4300000, 0x00000000eb300000)
  object space 44032K, 18% used [0x00000000c1800000,0x00000000c2008140,0x00000000c4300000)
 Metaspace       used 20616K, capacity 21156K, committed 21248K, reserved 1067008K
  class space    used 2639K, capacity 2787K, committed 2816K, reserved 1048576K
Event: 2.890 GC heap after
Heap after GC invocations=8 (full 1):
 PSYoungGen      total 71680K, used 0K [0x00000000eb300000, 0x00000000f3f00000, 0x0000000100000000)
  eden space 63488K, 0% used [0x00000000eb300000,0x00000000eb300000,0x00000000ef100000)
  from space 8192K, 0% used [0x00000000ef100000,0x00000000ef100000,0x00000000ef900000)
  to   space 8192K, 0% used [0x00000000f3700000,0x00000000f3700000,0x00000000f3f00000)
 ParOldGen       total 30208K, used 7270K [0x00000000c1800000, 0x00000000c3580000, 0x00000000eb300000)
  object space 30208K, 24% used [0x00000000c1800000,0x00000000c1f19888,0x00000000c3580000)
 Metaspace       used 20614K, capacity 21150K, committed 21248K, reserved 1067008K
  class space    used 2638K, capacity 2786K, committed 2816K, reserved 1048576K
}
Event: 6.641 GC heap before
{Heap before GC invocations=9 (full 1):
 PSYoungGen      total 71680K, used 63488K [0x00000000eb300000, 0x00000000f3f00000, 0x0000000100000000)
  eden space 63488K, 100% used [0x00000000eb300000,0x00000000ef100000,0x00000000ef100000)
  from space 8192K, 0% used [0x00000000ef100000,0x00000000ef100000,0x00000000ef900000)
  to   space 8192K, 0% used [0x00000000f3700000,0x00000000f3700000,0x00000000f3f00000)
 ParOldGen       total 30208K, used 7270K [0x00000000c1800000, 0x00000000c3580000, 0x00000000eb300000)
  object space 30208K, 24% used [0x00000000c1800000,0x00000000c1f19888,0x00000000c3580000)
 Metaspace       used 24366K, capacity 25134K, committed 25344K, reserved 1071104K
  class space    used 3096K, capacity 3303K, committed 3328K, reserved 1048576K
Event: 6.648 GC heap after
Heap after GC invocations=9 (full 1):
 PSYoungGen      total 117760K, used 5760K [0x00000000eb300000, 0x00000000f3d00000, 0x0000000100000000)
  eden space 111616K, 0% used [0x00000000eb300000,0x00000000eb300000,0x00000000f2000000)
  from space 6144K, 93% used [0x00000000f3700000,0x00000000f3ca0068,0x00000000f3d00000)
  to   space 8192K, 0% used [0x00000000f2d00000,0x00000000f2d00000,0x00000000f3500000)
 ParOldGen       total 30208K, used 7342K [0x00000000c1800000, 0x00000000c3580000, 0x00000000eb300000)
  object space 30208K, 24% used [0x00000000c1800000,0x00000000c1f2b898,0x00000000c3580000)
 Metaspace       used 24366K, capacity 25134K, committed 25344K, reserved 1071104K
  class space    used 3096K, capacity 3303K, committed 3328K, reserved 1048576K
}
Event: 12.095 GC heap before
{Heap before GC invocations=10 (full 1):
 PSYoungGen      total 117760K, used 117376K [0x00000000eb300000, 0x00000000f3d00000, 0x0000000100000000)
  eden space 111616K, 100% used [0x00000000eb300000,0x00000000f2000000,0x00000000f2000000)
  from space 6144K, 93% used [0x00000000f3700000,0x00000000f3ca0068,0x00000000f3d00000)
  to   space 8192K, 0% used [0x00000000f2d00000,0x00000000f2d00000,0x00000000f3500000)
 ParOldGen       total 30208K, used 7342K [0x00000000c1800000, 0x00000000c3580000, 0x00000000eb300000)
  object space 30208K, 24% used [0x00000000c1800000,0x00000000c1f2b898,0x00000000c3580000)
 Metaspace       used 33006K, capacity 34648K, committed 34944K, reserved 1079296K
  class space    used 4297K, capacity 4620K, committed 4736K, reserved 1048576K
Event: 12.113 GC heap after
Heap after GC invocations=10 (full 1):
 PSYoungGen      total 119808K, used 8180K [0x00000000eb300000, 0x00000000f3d00000, 0x0000000100000000)
  eden space 111616K, 0% used [0x00000000eb300000,0x00000000eb300000,0x00000000f2000000)
  from space 8192K, 99% used [0x00000000f2d00000,0x00000000f34fd030,0x00000000f3500000)
  to   space 6144K, 0% used [0x00000000f3700000,0x00000000f3700000,0x00000000f3d00000)
 ParOldGen       total 30208K, used 16207K [0x00000000c1800000, 0x00000000c3580000, 0x00000000eb300000)
  object space 30208K, 53% used [0x00000000c1800000,0x00000000c27d3d10,0x00000000c3580000)
 Metaspace       used 33006K, capacity 34648K, committed 34944K, reserved 1079296K
  class space    used 4297K, capacity 4620K, committed 4736K, reserved 1048576K
}
Event: 12.334 GC heap before
{Heap before GC invocations=11 (full 1):
 PSYoungGen      total 119808K, used 50024K [0x00000000eb300000, 0x00000000f3d00000, 0x0000000100000000)
  eden space 111616K, 37% used [0x00000000eb300000,0x00000000edbdd080,0x00000000f2000000)
  from space 8192K, 99% used [0x00000000f2d00000,0x00000000f34fd030,0x00000000f3500000)
  to   space 6144K, 0% used [0x00000000f3700000,0x00000000f3700000,0x00000000f3d00000)
 ParOldGen       total 30208K, used 16207K [0x00000000c1800000, 0x00000000c3580000, 0x00000000eb300000)
  object space 30208K, 53% used [0x00000000c1800000,0x00000000c27d3d10,0x00000000c3580000)
 Metaspace       used 33747K, capacity 35336K, committed 35416K, reserved 1079296K
  class space    used 4381K, capacity 4692K, committed 4736K, reserved 1048576K
Event: 12.359 GC heap after
Heap after GC invocations=11 (full 1):
 PSYoungGen      total 117760K, used 6118K [0x00000000eb300000, 0x00000000f3d00000, 0x0000000100000000)
  eden space 111616K, 0% used [0x00000000eb300000,0x00000000eb300000,0x00000000f2000000)
  from space 6144K, 99% used [0x00000000f3700000,0x00000000f3cf9a90,0x00000000f3d00000)
  to   space 8192K, 0% used [0x00000000f2d00000,0x00000000f2d00000,0x00000000f3500000)
 ParOldGen       total 30208K, used 19510K [0x00000000c1800000, 0x00000000c3580000, 0x00000000eb300000)
  object space 30208K, 64% used [0x00000000c1800000,0x00000000c2b0d8b8,0x00000000c3580000)
 Metaspace       used 33747K, capacity 35336K, committed 35416K, reserved 1079296K
  class space    used 4381K, capacity 4692K, committed 4736K, reserved 1048576K
}
Event: 12.359 GC heap before
{Heap before GC invocations=12 (full 2):
 PSYoungGen      total 117760K, used 6118K [0x00000000eb300000, 0x00000000f3d00000, 0x0000000100000000)
  eden space 111616K, 0% used [0x00000000eb300000,0x00000000eb300000,0x00000000f2000000)
  from space 6144K, 99% used [0x00000000f3700000,0x00000000f3cf9a90,0x00000000f3d00000)
  to   space 8192K, 0% used [0x00000000f2d00000,0x00000000f2d00000,0x00000000f3500000)
 ParOldGen       total 30208K, used 19510K [0x00000000c1800000, 0x00000000c3580000, 0x00000000eb300000)
  object space 30208K, 64% used [0x00000000c1800000,0x00000000c2b0d8b8,0x00000000c3580000)
 Metaspace       used 33747K, capacity 35336K, committed 35416K, reserved 1079296K
  class space    used 4381K, capacity 4692K, committed 4736K, reserved 1048576K
Event: 12.483 GC heap after
Heap after GC invocations=12 (full 2):
 PSYoungGen      total 117760K, used 0K [0x00000000eb300000, 0x00000000f3d00000, 0x0000000100000000)
  eden space 111616K, 0% used [0x00000000eb300000,0x00000000eb300000,0x00000000f2000000)
  from space 6144K, 0% used [0x00000000f3700000,0x00000000f3700000,0x00000000f3d00000)
  to   space 8192K, 0% used [0x00000000f2d00000,0x00000000f2d00000,0x00000000f3500000)
 ParOldGen       total 48128K, used 17666K [0x00000000c1800000, 0x00000000c4700000, 0x00000000eb300000)
  object space 48128K, 36% used [0x00000000c1800000,0x00000000c2940898,0x00000000c4700000)
 Metaspace       used 33747K, capacity 35336K, committed 35416K, reserved 1079296K
  class space    used 4381K, capacity 4692K, committed 4736K, reserved 1048576K
}

