# JRE version: OpenJDK Runtime Environment (Zulu 8.38.0.13-CA-win64) (8.0_212-b04) (build 1.8.0_212-b04)
# Java VM: OpenJDK 64-Bit Server VM (25.212-b04 mixed mode windows-amd64 compressed oops)
Heap:
 PSYoungGen      total 322048K, used 163456K [0x00000000eb300000, 0x0000000100000000, 0x0000000100000000)
  eden space 303104K, 53% used [0x00000000eb300000,0x00000000f5278000,0x00000000fdb00000)
  from space 18944K, 0% used [0x00000000fed80000,0x00000000feda8000,0x0000000100000000)
  to   space 18944K, 0% used [0x00000000fdb00000,0x00000000fdb00000,0x00000000fed80000)
 ParOldGen       total 63488K, used 34424K [0x00000000c1800000, 0x00000000c5600000, 0x00000000eb300000)
  object space 63488K, 54% used [0x00000000c1800000,0x00000000c399e358,0x00000000c5600000)
 Metaspace       used 69749K, capacity 72944K, committed 73048K, reserved 1112064K
  class space    used 9541K, capacity 10108K, committed 10112K, reserved 1048576K
GC Heap History (10 events):
Event: 14.479 GC heap before
{Heap before GC invocations=13 (full 2):
 PSYoungGen      total 193536K, used 180736K [0x00000000eb300000, 0x00000000f8500000, 0x0000000100000000)
  eden space 180736K, 100% used [0x00000000eb300000,0x00000000f6380000,0x00000000f6380000)
  from space 12800K, 0% used [0x00000000f6f80000,0x00000000f6f80000,0x00000000f7c00000)
  to   space 12288K, 0% used [0x00000000f6380000,0x00000000f6380000,0x00000000f6f80000)
 ParOldGen       total 45568K, used 17626K [0x00000000c1800000, 0x00000000c4480000, 0x00000000eb300000)
  object space 45568K, 38% used [0x00000000c1800000,0x00000000c2936bd0,0x00000000c4480000)
 Metaspace       used 51207K, capacity 53092K, committed 53464K, reserved 1095680K
  class space    used 7014K, capacity 7358K, committed 7424K, reserved 1048576K
Event: 14.508 GC heap after
Heap after GC invocations=13 (full 2):
 PSYoungGen      total 193024K, used 12266K [0x00000000eb300000, 0x00000000fd680000, 0x0000000100000000)
  eden space 180736K, 0% used [0x00000000eb300000,0x00000000eb300000,0x00000000f6380000)
  from space 12288K, 99% used [0x00000000f6380000,0x00000000f6f7a8b8,0x00000000f6f80000)
  to   space 16896K, 0% used [0x00000000fc600000,0x00000000fc600000,0x00000000fd680000)
 ParOldGen       total 45568K, used 24806K [0x00000000c1800000, 0x00000000c4480000, 0x00000000eb300000)
  object space 45568K, 54% used [0x00000000c1800000,0x00000000c30399f8,0x00000000c4480000)
 Metaspace       used 51207K, capacity 53092K, committed 53464K, reserved 1095680K
  class space    used 7014K, capacity 7358K, committed 7424K, reserved 1048576K
}
Event: 18.238 GC heap before
{Heap before GC invocations=14 (full 2):
 PSYoungGen      total 193024K, used 71023K [0x00000000eb300000, 0x00000000fd680000, 0x0000000100000000)
  eden space 180736K, 32% used [0x00000000eb300000,0x00000000eec61540,0x00000000f6380000)
  from space 12288K, 99% used [0x00000000f6380000,0x00000000f6f7a8b8,0x00000000f6f80000)
  to   space 16896K, 0% used [0x00000000fc600000,0x00000000fc600000,0x00000000fd680000)
 ParOldGen       total 45568K, used 24806K [0x00000000c1800000, 0x00000000c4480000, 0x00000000eb300000)
  object space 45568K, 54% used [0x00000000c1800000,0x00000000c30399f8,0x00000000c4480000)
 Metaspace       used 56494K, capacity 58990K, committed 59028K, reserved 1099776K
  class space    used 7718K, capacity 8187K, committed 8192K, reserved 1048576K
Event: 18.262 GC heap after
Heap after GC invocations=14 (full 2):
 PSYoungGen      total 271360K, used 5941K [0x00000000eb300000, 0x00000000fd100000, 0x0000000100000000)
  eden space 260096K, 0% used [0x00000000eb300000,0x00000000eb300000,0x00000000fb100000)
  from space 11264K, 52% used [0x00000000fc600000,0x00000000fcbcd430,0x00000000fd100000)
  to   space 16384K, 0% used [0x00000000fb100000,0x00000000fb100000,0x00000000fc100000)
 ParOldGen       total 45568K, used 30373K [0x00000000c1800000, 0x00000000c4480000, 0x00000000eb300000)
  object space 45568K, 66% used [0x00000000c1800000,0x00000000c35a9408,0x00000000c4480000)
 Metaspace       used 56494K, capacity 58990K, committed 59028K, reserved 1099776K
  class space    used 7718K, capacity 8187K, committed 8192K, reserved 1048576K
}
Event: 18.262 GC heap before
{Heap before GC invocations=15 (full 3):
 PSYoungGen      total 271360K, used 5941K [0x00000000eb300000, 0x00000000fd100000, 0x0000000100000000)
  eden space 260096K, 0% used [0x00000000eb300000,0x00000000eb300000,0x00000000fb100000)
  from space 11264K, 52% used [0x00000000fc600000,0x00000000fcbcd430,0x00000000fd100000)
  to   space 16384K, 0% used [0x00000000fb100000,0x00000000fb100000,0x00000000fc100000)
 ParOldGen       total 45568K, used 30373K [0x00000000c1800000, 0x00000000c4480000, 0x00000000eb300000)
  object space 45568K, 66% used [0x00000000c1800000,0x00000000c35a9408,0x00000000c4480000)
 Metaspace       used 56494K, capacity 58990K, committed 59028K, reserved 1099776K
  class space    used 7718K, capacity 8187K, committed 8192K, reserved 1048576K
Event: 18.560 GC heap after
Heap after GC invocations=15 (full 3):
 PSYoungGen      total 271360K, used 0K [0x00000000eb300000, 0x00000000fd100000, 0x0000000100000000)
  eden space 260096K, 0% used [0x00000000eb300000,0x00000000eb300000,0x00000000fb100000)
  from space 11264K, 0% used [0x00000000fc600000,0x00000000fc600000,0x00000000fd100000)
  to   space 16384K, 0% used [0x00000000fb100000,0x00000000fb100000,0x00000000fc100000)
 ParOldGen       total 63488K, used 27512K [0x00000000c1800000, 0x00000000c5600000, 0x00000000eb300000)
  object space 63488K, 43% used [0x00000000c1800000,0x00000000c32de098,0x00000000c5600000)
 Metaspace       used 56494K, capacity 58990K, committed 59028K, reserved 1099776K
  class space    used 7718K, capacity 8187K, committed 8192K, reserved 1048576K
}
Event: 192.056 GC heap before
{Heap before GC invocations=16 (full 3):
 PSYoungGen      total 271360K, used 260096K [0x00000000eb300000, 0x00000000fd100000, 0x0000000100000000)
  eden space 260096K, 100% used [0x00000000eb300000,0x00000000fb100000,0x00000000fb100000)
  from space 11264K, 0% used [0x00000000fc600000,0x00000000fc600000,0x00000000fd100000)
  to   space 16384K, 0% used [0x00000000fb100000,0x00000000fb100000,0x00000000fc100000)
 ParOldGen       total 63488K, used 27512K [0x00000000c1800000, 0x00000000c5600000, 0x00000000eb300000)
  object space 63488K, 43% used [0x00000000c1800000,0x00000000c32de098,0x00000000c5600000)
 Metaspace       used 69042K, capacity 72084K, committed 72280K, reserved 1112064K
  class space    used 9465K, capacity 10024K, committed 10112K, reserved 1048576K
Event: 192.215 GC heap after
Heap after GC invocations=16 (full 3):
 PSYoungGen      total 276480K, used 16361K [0x00000000eb300000, 0x0000000100000000, 0x0000000100000000)
  eden space 260096K, 0% used [0x00000000eb300000,0x00000000eb300000,0x00000000fb100000)
  from space 16384K, 99% used [0x00000000fb100000,0x00000000fc0fa5a0,0x00000000fc100000)
  to   space 18944K, 0% used [0x00000000fed80000,0x00000000fed80000,0x0000000100000000)
 ParOldGen       total 63488K, used 27661K [0x00000000c1800000, 0x00000000c5600000, 0x00000000eb300000)
  object space 63488K, 43% used [0x00000000c1800000,0x00000000c3303728,0x00000000c5600000)
 Metaspace       used 69042K, capacity 72084K, committed 72280K, reserved 1112064K
  class space    used 9465K, capacity 10024K, committed 10112K, reserved 1048576K
}
Event: 654.550 GC heap before
{Heap before GC invocations=17 (full 3):
 PSYoungGen      total 276480K, used 276457K [0x00000000eb300000, 0x0000000100000000, 0x0000000100000000)
  eden space 260096K, 100% used [0x00000000eb300000,0x00000000fb100000,0x00000000fb100000)
  from space 16384K, 99% used [0x00000000fb100000,0x00000000fc0fa5a0,0x00000000fc100000)
  to   space 18944K, 0% used [0x00000000fed80000,0x00000000fed80000,0x0000000100000000)
 ParOldGen       total 63488K, used 27661K [0x00000000c1800000, 0x00000000c5600000, 0x00000000eb300000)
  object space 63488K, 43% used [0x00000000c1800000,0x00000000c3303728,0x00000000c5600000)
 Metaspace       used 69122K, capacity 72154K, committed 72280K, reserved 1112064K
  class space    used 9466K, capacity 10025K, committed 10112K, reserved 1048576K
Event: 654.657 GC heap after
Heap after GC invocations=17 (full 3):
 PSYoungGen      total 322048K, used 160K [0x00000000eb300000, 0x0000000100000000, 0x0000000100000000)
  eden space 303104K, 0% used [0x00000000eb300000,0x00000000eb300000,0x00000000fdb00000)
  from space 18944K, 0% used [0x00000000fed80000,0x00000000feda8000,0x0000000100000000)
  to   space 18944K, 0% used [0x00000000fdb00000,0x00000000fdb00000,0x00000000fed80000)
 ParOldGen       total 63488K, used 34424K [0x00000000c1800000, 0x00000000c5600000, 0x00000000eb300000)
  object space 63488K, 54% used [0x00000000c1800000,0x00000000c399e358,0x00000000c5600000)
 Metaspace       used 69122K, capacity 72154K, committed 72280K, reserved 1112064K
  class space    used 9466K, capacity 10025K, committed 10112K, reserved 1048576K
}

