# JRE version: OpenJDK Runtime Environment (Zulu 8.38.0.13-CA-win64) (8.0_212-b04) (build 1.8.0_212-b04)
# Java VM: OpenJDK 64-Bit Server VM (25.212-b04 mixed mode windows-amd64 compressed oops)
Heap:
 PSYoungGen      total 116224K, used 69185K [0x00000000eb300000, 0x00000000f3e00000, 0x0000000100000000)
  eden space 110080K, 62% used [0x00000000eb300000,0x00000000ef690680,0x00000000f1e80000)
  from space 6144K, 0% used [0x00000000f3800000,0x00000000f3800000,0x00000000f3e00000)
  to   space 8192K, 0% used [0x00000000f2e00000,0x00000000f2e00000,0x00000000f3600000)
 ParOldGen       total 50688K, used 18003K [0x00000000c1800000, 0x00000000c4980000, 0x00000000eb300000)
  object space 50688K, 35% used [0x00000000c1800000,0x00000000c2994ee0,0x00000000c4980000)
 Metaspace       used 37441K, capacity 39184K, committed 39464K, reserved 1083392K
  class space    used 4790K, capacity 5120K, committed 5160K, reserved 1048576K
GC Heap History (10 events):
Event: 2.073 GC heap before
{Heap before GC invocations=8 (full 1):
 PSYoungGen      total 72192K, used 5480K [0x00000000eb300000, 0x00000000f4000000, 0x0000000100000000)
  eden space 64000K, 0% used [0x00000000eb300000,0x00000000eb300000,0x00000000ef180000)
  from space 8192K, 66% used [0x00000000ef180000,0x00000000ef6da078,0x00000000ef980000)
  to   space 8192K, 0% used [0x00000000f3800000,0x00000000f3800000,0x00000000f4000000)
 ParOldGen       total 44032K, used 8199K [0x00000000c1800000, 0x00000000c4300000, 0x00000000eb300000)
  object space 44032K, 18% used [0x00000000c1800000,0x00000000c2001cc8,0x00000000c4300000)
 Metaspace       used 20674K, capacity 21214K, committed 21296K, reserved 1067008K
  class space    used 2653K, capacity 2820K, committed 2864K, reserved 1048576K
Event: 2.105 GC heap after
Heap after GC invocations=8 (full 1):
 PSYoungGen      total 72192K, used 0K [0x00000000eb300000, 0x00000000f4000000, 0x0000000100000000)
  eden space 64000K, 0% used [0x00000000eb300000,0x00000000eb300000,0x00000000ef180000)
  from space 8192K, 0% used [0x00000000ef180000,0x00000000ef180000,0x00000000ef980000)
  to   space 8192K, 0% used [0x00000000f3800000,0x00000000f3800000,0x00000000f4000000)
 ParOldGen       total 31232K, used 7679K [0x00000000c1800000, 0x00000000c3680000, 0x00000000eb300000)
  object space 31232K, 24% used [0x00000000c1800000,0x00000000c1f7fca0,0x00000000c3680000)
 Metaspace       used 20672K, capacity 21208K, committed 21296K, reserved 1067008K
  class space    used 2653K, capacity 2819K, committed 2864K, reserved 1048576K
}
Event: 4.958 GC heap before
{Heap before GC invocations=9 (full 1):
 PSYoungGen      total 72192K, used 64000K [0x00000000eb300000, 0x00000000f4000000, 0x0000000100000000)
  eden space 64000K, 100% used [0x00000000eb300000,0x00000000ef180000,0x00000000ef180000)
  from space 8192K, 0% used [0x00000000ef180000,0x00000000ef180000,0x00000000ef980000)
  to   space 8192K, 0% used [0x00000000f3800000,0x00000000f3800000,0x00000000f4000000)
 ParOldGen       total 31232K, used 7679K [0x00000000c1800000, 0x00000000c3680000, 0x00000000eb300000)
  object space 31232K, 24% used [0x00000000c1800000,0x00000000c1f7fca0,0x00000000c3680000)
 Metaspace       used 24381K, capacity 25156K, committed 25392K, reserved 1071104K
  class space    used 3099K, capacity 3304K, committed 3376K, reserved 1048576K
Event: 5.004 GC heap after
Heap after GC invocations=9 (full 1):
 PSYoungGen      total 116224K, used 5766K [0x00000000eb300000, 0x00000000f3e00000, 0x0000000100000000)
  eden space 110080K, 0% used [0x00000000eb300000,0x00000000eb300000,0x00000000f1e80000)
  from space 6144K, 93% used [0x00000000f3800000,0x00000000f3da18d8,0x00000000f3e00000)
  to   space 8192K, 0% used [0x00000000f2e00000,0x00000000f2e00000,0x00000000f3600000)
 ParOldGen       total 31232K, used 7687K [0x00000000c1800000, 0x00000000c3680000, 0x00000000eb300000)
  object space 31232K, 24% used [0x00000000c1800000,0x00000000c1f81ca0,0x00000000c3680000)
 Metaspace       used 24381K, capacity 25156K, committed 25392K, reserved 1071104K
  class space    used 3099K, capacity 3304K, committed 3376K, reserved 1048576K
}
Event: 7.552 GC heap before
{Heap before GC invocations=10 (full 1):
 PSYoungGen      total 116224K, used 115846K [0x00000000eb300000, 0x00000000f3e00000, 0x0000000100000000)
  eden space 110080K, 100% used [0x00000000eb300000,0x00000000f1e80000,0x00000000f1e80000)
  from space 6144K, 93% used [0x00000000f3800000,0x00000000f3da18d8,0x00000000f3e00000)
  to   space 8192K, 0% used [0x00000000f2e00000,0x00000000f2e00000,0x00000000f3600000)
 ParOldGen       total 31232K, used 7687K [0x00000000c1800000, 0x00000000c3680000, 0x00000000eb300000)
  object space 31232K, 24% used [0x00000000c1800000,0x00000000c1f81ca0,0x00000000c3680000)
 Metaspace       used 32927K, capacity 34504K, committed 34608K, reserved 1079296K
  class space    used 4292K, capacity 4588K, committed 4656K, reserved 1048576K
Event: 7.570 GC heap after
Heap after GC invocations=10 (full 1):
 PSYoungGen      total 118272K, used 8160K [0x00000000eb300000, 0x00000000f3e00000, 0x0000000100000000)
  eden space 110080K, 0% used [0x00000000eb300000,0x00000000eb300000,0x00000000f1e80000)
  from space 8192K, 99% used [0x00000000f2e00000,0x00000000f35f8020,0x00000000f3600000)
  to   space 6144K, 0% used [0x00000000f3800000,0x00000000f3800000,0x00000000f3e00000)
 ParOldGen       total 31232K, used 16404K [0x00000000c1800000, 0x00000000c3680000, 0x00000000eb300000)
  object space 31232K, 52% used [0x00000000c1800000,0x00000000c2805090,0x00000000c3680000)
 Metaspace       used 32927K, capacity 34504K, committed 34608K, reserved 1079296K
  class space    used 4292K, capacity 4588K, committed 4656K, reserved 1048576K
}
Event: 7.869 GC heap before
{Heap before GC invocations=11 (full 1):
 PSYoungGen      total 118272K, used 52241K [0x00000000eb300000, 0x00000000f3e00000, 0x0000000100000000)
  eden space 110080K, 40% used [0x00000000eb300000,0x00000000ede0c5d8,0x00000000f1e80000)
  from space 8192K, 99% used [0x00000000f2e00000,0x00000000f35f8020,0x00000000f3600000)
  to   space 6144K, 0% used [0x00000000f3800000,0x00000000f3800000,0x00000000f3e00000)
 ParOldGen       total 31232K, used 16404K [0x00000000c1800000, 0x00000000c3680000, 0x00000000eb300000)
  object space 31232K, 52% used [0x00000000c1800000,0x00000000c2805090,0x00000000c3680000)
 Metaspace       used 33764K, capacity 35352K, committed 35496K, reserved 1079296K
  class space    used 4383K, capacity 4692K, committed 4776K, reserved 1048576K
Event: 7.880 GC heap after
Heap after GC invocations=11 (full 1):
 PSYoungGen      total 116224K, used 6119K [0x00000000eb300000, 0x00000000f3e00000, 0x0000000100000000)
  eden space 110080K, 0% used [0x00000000eb300000,0x00000000eb300000,0x00000000f1e80000)
  from space 6144K, 99% used [0x00000000f3800000,0x00000000f3df9e00,0x00000000f3e00000)
  to   space 8192K, 0% used [0x00000000f2e00000,0x00000000f2e00000,0x00000000f3600000)
 ParOldGen       total 31232K, used 19831K [0x00000000c1800000, 0x00000000c3680000, 0x00000000eb300000)
  object space 31232K, 63% used [0x00000000c1800000,0x00000000c2b5dee8,0x00000000c3680000)
 Metaspace       used 33764K, capacity 35352K, committed 35496K, reserved 1079296K
  class space    used 4383K, capacity 4692K, committed 4776K, reserved 1048576K
}
Event: 7.880 GC heap before
{Heap before GC invocations=12 (full 2):
 PSYoungGen      total 116224K, used 6119K [0x00000000eb300000, 0x00000000f3e00000, 0x0000000100000000)
  eden space 110080K, 0% used [0x00000000eb300000,0x00000000eb300000,0x00000000f1e80000)
  from space 6144K, 99% used [0x00000000f3800000,0x00000000f3df9e00,0x00000000f3e00000)
  to   space 8192K, 0% used [0x00000000f2e00000,0x00000000f2e00000,0x00000000f3600000)
 ParOldGen       total 31232K, used 19831K [0x00000000c1800000, 0x00000000c3680000, 0x00000000eb300000)
  object space 31232K, 63% used [0x00000000c1800000,0x00000000c2b5dee8,0x00000000c3680000)
 Metaspace       used 33764K, capacity 35352K, committed 35496K, reserved 1079296K
  class space    used 4383K, capacity 4692K, committed 4776K, reserved 1048576K
Event: 7.948 GC heap after
Heap after GC invocations=12 (full 2):
 PSYoungGen      total 116224K, used 0K [0x00000000eb300000, 0x00000000f3e00000, 0x0000000100000000)
  eden space 110080K, 0% used [0x00000000eb300000,0x00000000eb300000,0x00000000f1e80000)
  from space 6144K, 0% used [0x00000000f3800000,0x00000000f3800000,0x00000000f3e00000)
  to   space 8192K, 0% used [0x00000000f2e00000,0x00000000f2e00000,0x00000000f3600000)
 ParOldGen       total 50688K, used 18003K [0x00000000c1800000, 0x00000000c4980000, 0x00000000eb300000)
  object space 50688K, 35% used [0x00000000c1800000,0x00000000c2994ee0,0x00000000c4980000)
 Metaspace       used 33764K, capacity 35352K, committed 35496K, reserved 1079296K
  class space    used 4383K, capacity 4692K, committed 4776K, reserved 1048576K
}

