# JRE version: OpenJDK Runtime Environment (Zulu 8.38.0.13-CA-win64) (8.0_212-b04) (build 1.8.0_212-b04)
# Java VM: OpenJDK 64-Bit Server VM (25.212-b04 mixed mode windows-amd64 compressed oops)
Heap:
 PSYoungGen      total 168448K, used 83956K [0x00000000eb300000, 0x00000000f7c00000, 0x0000000100000000)
  eden space 155648K, 53% used [0x00000000eb300000,0x00000000f04fd1b0,0x00000000f4b00000)
  from space 12800K, 0% used [0x00000000f5780000,0x00000000f5780000,0x00000000f6400000)
  to   space 12800K, 0% used [0x00000000f4b00000,0x00000000f4b00000,0x00000000f5780000)
 ParOldGen       total 51200K, used 17405K [0x00000000c1800000, 0x00000000c4a00000, 0x00000000eb300000)
  object space 51200K, 33% used [0x00000000c1800000,0x00000000c28ff420,0x00000000c4a00000)
 Metaspace       used 38814K, capacity 40568K, committed 40616K, reserved 1085440K
  class space    used 4937K, capacity 5260K, committed 5288K, reserved 1048576K
GC Heap History (10 events):
Event: 2.191 GC heap before
{Heap before GC invocations=8 (full 1):
 PSYoungGen      total 72192K, used 5576K [0x00000000eb300000, 0x00000000f4000000, 0x0000000100000000)
  eden space 64000K, 0% used [0x00000000eb300000,0x00000000eb300000,0x00000000ef180000)
  from space 8192K, 68% used [0x00000000ef180000,0x00000000ef6f20d8,0x00000000ef980000)
  to   space 8192K, 0% used [0x00000000f3800000,0x00000000f3800000,0x00000000f4000000)
 ParOldGen       total 44032K, used 7975K [0x00000000c1800000, 0x00000000c4300000, 0x00000000eb300000)
  object space 44032K, 18% used [0x00000000c1800000,0x00000000c1fc9d38,0x00000000c4300000)
 Metaspace       used 20720K, capacity 21250K, committed 21296K, reserved 1067008K
  class space    used 2653K, capacity 2818K, committed 2864K, reserved 1048576K
Event: 2.227 GC heap after
Heap after GC invocations=8 (full 1):
 PSYoungGen      total 72192K, used 0K [0x00000000eb300000, 0x00000000f4000000, 0x0000000100000000)
  eden space 64000K, 0% used [0x00000000eb300000,0x00000000eb300000,0x00000000ef180000)
  from space 8192K, 0% used [0x00000000ef180000,0x00000000ef180000,0x00000000ef980000)
  to   space 8192K, 0% used [0x00000000f3800000,0x00000000f3800000,0x00000000f4000000)
 ParOldGen       total 33280K, used 9539K [0x00000000c1800000, 0x00000000c3880000, 0x00000000eb300000)
  object space 33280K, 28% used [0x00000000c1800000,0x00000000c2150eb0,0x00000000c3880000)
 Metaspace       used 20720K, capacity 21250K, committed 21296K, reserved 1067008K
  class space    used 2653K, capacity 2818K, committed 2864K, reserved 1048576K
}
Event: 3.299 GC heap before
{Heap before GC invocations=9 (full 1):
 PSYoungGen      total 72192K, used 64000K [0x00000000eb300000, 0x00000000f4000000, 0x0000000100000000)
  eden space 64000K, 100% used [0x00000000eb300000,0x00000000ef180000,0x00000000ef180000)
  from space 8192K, 0% used [0x00000000ef180000,0x00000000ef180000,0x00000000ef980000)
  to   space 8192K, 0% used [0x00000000f3800000,0x00000000f3800000,0x00000000f4000000)
 ParOldGen       total 33280K, used 9539K [0x00000000c1800000, 0x00000000c3880000, 0x00000000eb300000)
  object space 33280K, 28% used [0x00000000c1800000,0x00000000c2150eb0,0x00000000c3880000)
 Metaspace       used 24378K, capacity 25134K, committed 25392K, reserved 1071104K
  class space    used 3096K, capacity 3303K, committed 3376K, reserved 1048576K
Event: 3.309 GC heap after
Heap after GC invocations=9 (full 1):
 PSYoungGen      total 116736K, used 5665K [0x00000000eb300000, 0x00000000f3e00000, 0x0000000100000000)
  eden space 110592K, 0% used [0x00000000eb300000,0x00000000eb300000,0x00000000f1f00000)
  from space 6144K, 92% used [0x00000000f3800000,0x00000000f3d88778,0x00000000f3e00000)
  to   space 8192K, 0% used [0x00000000f2e00000,0x00000000f2e00000,0x00000000f3600000)
 ParOldGen       total 33280K, used 9611K [0x00000000c1800000, 0x00000000c3880000, 0x00000000eb300000)
  object space 33280K, 28% used [0x00000000c1800000,0x00000000c2162ec0,0x00000000c3880000)
 Metaspace       used 24378K, capacity 25134K, committed 25392K, reserved 1071104K
  class space    used 3096K, capacity 3303K, committed 3376K, reserved 1048576K
}
Event: 5.577 GC heap before
{Heap before GC invocations=10 (full 1):
 PSYoungGen      total 116736K, used 116257K [0x00000000eb300000, 0x00000000f3e00000, 0x0000000100000000)
  eden space 110592K, 100% used [0x00000000eb300000,0x00000000f1f00000,0x00000000f1f00000)
  from space 6144K, 92% used [0x00000000f3800000,0x00000000f3d88778,0x00000000f3e00000)
  to   space 8192K, 0% used [0x00000000f2e00000,0x00000000f2e00000,0x00000000f3600000)
 ParOldGen       total 33280K, used 9611K [0x00000000c1800000, 0x00000000c3880000, 0x00000000eb300000)
  object space 33280K, 28% used [0x00000000c1800000,0x00000000c2162ec0,0x00000000c3880000)
 Metaspace       used 32894K, capacity 34482K, committed 34608K, reserved 1079296K
  class space    used 4287K, capacity 4587K, committed 4656K, reserved 1048576K
Event: 5.593 GC heap after
Heap after GC invocations=10 (full 1):
 PSYoungGen      total 134144K, used 8180K [0x00000000eb300000, 0x00000000f6400000, 0x0000000100000000)
  eden space 125952K, 0% used [0x00000000eb300000,0x00000000eb300000,0x00000000f2e00000)
  from space 8192K, 99% used [0x00000000f2e00000,0x00000000f35fd030,0x00000000f3600000)
  to   space 12800K, 0% used [0x00000000f5780000,0x00000000f5780000,0x00000000f6400000)
 ParOldGen       total 33280K, used 18238K [0x00000000c1800000, 0x00000000c3880000, 0x00000000eb300000)
  object space 33280K, 54% used [0x00000000c1800000,0x00000000c29cf910,0x00000000c3880000)
 Metaspace       used 32894K, capacity 34482K, committed 34608K, reserved 1079296K
  class space    used 4287K, capacity 4587K, committed 4656K, reserved 1048576K
}
Event: 5.768 GC heap before
{Heap before GC invocations=11 (full 1):
 PSYoungGen      total 134144K, used 52571K [0x00000000eb300000, 0x00000000f6400000, 0x0000000100000000)
  eden space 125952K, 35% used [0x00000000eb300000,0x00000000ede59d20,0x00000000f2e00000)
  from space 8192K, 99% used [0x00000000f2e00000,0x00000000f35fd030,0x00000000f3600000)
  to   space 12800K, 0% used [0x00000000f5780000,0x00000000f5780000,0x00000000f6400000)
 ParOldGen       total 33280K, used 18238K [0x00000000c1800000, 0x00000000c3880000, 0x00000000eb300000)
  object space 33280K, 54% used [0x00000000c1800000,0x00000000c29cf910,0x00000000c3880000)
 Metaspace       used 33701K, capacity 35336K, committed 35496K, reserved 1079296K
  class space    used 4378K, capacity 4692K, committed 4776K, reserved 1048576K
Event: 5.779 GC heap after
Heap after GC invocations=11 (full 1):
 PSYoungGen      total 168448K, used 6646K [0x00000000eb300000, 0x00000000f7c00000, 0x0000000100000000)
  eden space 155648K, 0% used [0x00000000eb300000,0x00000000eb300000,0x00000000f4b00000)
  from space 12800K, 51% used [0x00000000f5780000,0x00000000f5dfd9d0,0x00000000f6400000)
  to   space 12800K, 0% used [0x00000000f4b00000,0x00000000f4b00000,0x00000000f5780000)
 ParOldGen       total 33280K, used 21102K [0x00000000c1800000, 0x00000000c3880000, 0x00000000eb300000)
  object space 33280K, 63% used [0x00000000c1800000,0x00000000c2c9b930,0x00000000c3880000)
 Metaspace       used 33701K, capacity 35336K, committed 35496K, reserved 1079296K
  class space    used 4378K, capacity 4692K, committed 4776K, reserved 1048576K
}
Event: 5.779 GC heap before
{Heap before GC invocations=12 (full 2):
 PSYoungGen      total 168448K, used 6646K [0x00000000eb300000, 0x00000000f7c00000, 0x0000000100000000)
  eden space 155648K, 0% used [0x00000000eb300000,0x00000000eb300000,0x00000000f4b00000)
  from space 12800K, 51% used [0x00000000f5780000,0x00000000f5dfd9d0,0x00000000f6400000)
  to   space 12800K, 0% used [0x00000000f4b00000,0x00000000f4b00000,0x00000000f5780000)
 ParOldGen       total 33280K, used 21102K [0x00000000c1800000, 0x00000000c3880000, 0x00000000eb300000)
  object space 33280K, 63% used [0x00000000c1800000,0x00000000c2c9b930,0x00000000c3880000)
 Metaspace       used 33701K, capacity 35336K, committed 35496K, reserved 1079296K
  class space    used 4378K, capacity 4692K, committed 4776K, reserved 1048576K
Event: 5.863 GC heap after
Heap after GC invocations=12 (full 2):
 PSYoungGen      total 168448K, used 0K [0x00000000eb300000, 0x00000000f7c00000, 0x0000000100000000)
  eden space 155648K, 0% used [0x00000000eb300000,0x00000000eb300000,0x00000000f4b00000)
  from space 12800K, 0% used [0x00000000f5780000,0x00000000f5780000,0x00000000f6400000)
  to   space 12800K, 0% used [0x00000000f4b00000,0x00000000f4b00000,0x00000000f5780000)
 ParOldGen       total 51200K, used 17405K [0x00000000c1800000, 0x00000000c4a00000, 0x00000000eb300000)
  object space 51200K, 33% used [0x00000000c1800000,0x00000000c28ff420,0x00000000c4a00000)
 Metaspace       used 33701K, capacity 35336K, committed 35496K, reserved 1079296K
  class space    used 4378K, capacity 4692K, committed 4776K, reserved 1048576K
}

